
*** Running vivado
    with args -log Top.vds -m64 -product Vivado -mode batch -messageDb vivado.pb -notrace -source Top.tcl



****** Vivado v2024.1 (64-bit)
  **** SW Build 5076996 on Wed May 22 18:37:14 MDT 2024
  **** IP Build 5075265 on Wed May 22 21:45:21 MDT 2024
  **** SharedData Build 5076995 on Wed May 22 18:29:18 MDT 2024
  **** Start of session at: Tue Jul 23 11:36:54 2024
    ** Copyright 1986-2022 Xilinx, Inc. All Rights Reserved.
    ** Copyright 2022-2024 Advanced Micro Devices, Inc. All Rights Reserved.

source Top.tcl -notrace
create_project: Time (s): cpu = 00:00:04 ; elapsed = 00:00:09 . Memory (MB): peak = 513.410 ; gain = 196.582
Command: read_checkpoint -auto_incremental -incremental D:/Project/RISC_V_Single/RISC_V/RISC_V.srcs/utils_1/imports/synth_1/Top.dcp
INFO: [Vivado 12-5825] Read reference checkpoint from D:/Project/RISC_V_Single/RISC_V/RISC_V.srcs/utils_1/imports/synth_1/Top.dcp for incremental synthesis
INFO: [Vivado 12-7989] Please ensure there are no constraint changes
Command: synth_design -top Top -part xc7k70tfbv676-1
Starting synth_design
Attempting to get a license for feature 'Synthesis' and/or device 'xc7k70t'
INFO: [Common 17-349] Got license for feature 'Synthesis' and/or device 'xc7k70t'
INFO: [Designutils 20-5440] No compile time benefit to using incremental synthesis; A full resynthesis will be run
INFO: [Designutils 20-4379] Flow is switching to default flow due to incremental criteria not met. If you would like to alter this behaviour and have the flow terminate instead, please set the following parameter config_implementation {autoIncr.Synth.RejectBehavior Terminate}
INFO: [Synth 8-7079] Multithreading enabled for synth_design using a maximum of 2 processes.
INFO: [Synth 8-7078] Launching helper process for spawning children vivado processes
INFO: [Synth 8-7075] Helper process launched with PID 21896
---------------------------------------------------------------------------------
Starting Synthesize : Time (s): cpu = 00:00:04 ; elapsed = 00:00:07 . Memory (MB): peak = 975.320 ; gain = 450.746
---------------------------------------------------------------------------------
WARNING: [Synth 8-11145] root scope declaration is not allowed in Verilog 95/2K mode [D:/Project/RISC_V_Single/RISC_V/RISC_V.srcs/sources_1/new/Para.v:1]
WARNING: [Synth 8-11145] root scope declaration is not allowed in Verilog 95/2K mode [D:/Project/RISC_V_Single/RISC_V/RISC_V.srcs/sources_1/new/Para.v:2]
WARNING: [Synth 8-11145] root scope declaration is not allowed in Verilog 95/2K mode [D:/Project/RISC_V_Single/RISC_V/RISC_V.srcs/sources_1/new/Para.v:3]
WARNING: [Synth 8-11145] root scope declaration is not allowed in Verilog 95/2K mode [D:/Project/RISC_V_Single/RISC_V/RISC_V.srcs/sources_1/new/Para.v:4]
WARNING: [Synth 8-11145] root scope declaration is not allowed in Verilog 95/2K mode [D:/Project/RISC_V_Single/RISC_V/RISC_V.srcs/sources_1/new/Para.v:5]
WARNING: [Synth 8-11145] root scope declaration is not allowed in Verilog 95/2K mode [D:/Project/RISC_V_Single/RISC_V/RISC_V.srcs/sources_1/new/Para.v:6]
WARNING: [Synth 8-11145] root scope declaration is not allowed in Verilog 95/2K mode [D:/Project/RISC_V_Single/RISC_V/RISC_V.srcs/sources_1/new/Para.v:7]
WARNING: [Synth 8-11145] root scope declaration is not allowed in Verilog 95/2K mode [D:/Project/RISC_V_Single/RISC_V/RISC_V.srcs/sources_1/new/Para.v:8]
WARNING: [Synth 8-11145] root scope declaration is not allowed in Verilog 95/2K mode [D:/Project/RISC_V_Single/RISC_V/RISC_V.srcs/sources_1/new/Para.v:9]
WARNING: [Synth 8-11145] root scope declaration is not allowed in Verilog 95/2K mode [D:/Project/RISC_V_Single/RISC_V/RISC_V.srcs/sources_1/new/Para.v:10]
WARNING: [Synth 8-11145] root scope declaration is not allowed in Verilog 95/2K mode [D:/Project/RISC_V_Single/RISC_V/RISC_V.srcs/sources_1/new/Para.v:11]
WARNING: [Synth 8-11145] root scope declaration is not allowed in Verilog 95/2K mode [D:/Project/RISC_V_Single/RISC_V/RISC_V.srcs/sources_1/new/Para.v:12]
WARNING: [Synth 8-11145] root scope declaration is not allowed in Verilog 95/2K mode [D:/Project/RISC_V_Single/RISC_V/RISC_V.srcs/sources_1/new/Para.v:13]
WARNING: [Synth 8-11145] root scope declaration is not allowed in Verilog 95/2K mode [D:/Project/RISC_V_Single/RISC_V/RISC_V.srcs/sources_1/new/Para.v:14]
WARNING: [Synth 8-11145] root scope declaration is not allowed in Verilog 95/2K mode [D:/Project/RISC_V_Single/RISC_V/RISC_V.srcs/sources_1/new/Para.v:15]
WARNING: [Synth 8-11145] root scope declaration is not allowed in Verilog 95/2K mode [D:/Project/RISC_V_Single/RISC_V/RISC_V.srcs/sources_1/new/Para.v:16]
INFO: [Synth 8-6157] synthesizing module 'Top' [D:/Project/RISC_V_Single/RISC_V/RISC_V.srcs/sources_1/new/Top.v:3]
INFO: [Synth 8-6157] synthesizing module 'PC' [D:/Project/RISC_V_Single/RISC_V/RISC_V.srcs/sources_1/new/PC.v:23]
INFO: [Synth 8-6155] done synthesizing module 'PC' (0#1) [D:/Project/RISC_V_Single/RISC_V/RISC_V.srcs/sources_1/new/PC.v:23]
WARNING: [Synth 8-7071] port 'PC_next' of module 'PC' is unconnected for instance 'PC_inst' [D:/Project/RISC_V_Single/RISC_V/RISC_V.srcs/sources_1/new/Top.v:16]
WARNING: [Synth 8-7023] instance 'PC_inst' of module 'PC' has 5 connections declared, but only 4 given [D:/Project/RISC_V_Single/RISC_V/RISC_V.srcs/sources_1/new/Top.v:16]
INFO: [Synth 8-6157] synthesizing module 'I_Mem' [D:/Project/RISC_V_Single/RISC_V/RISC_V.srcs/sources_1/new/I_Mem.v:3]
INFO: [Synth 8-6155] done synthesizing module 'I_Mem' (0#1) [D:/Project/RISC_V_Single/RISC_V/RISC_V.srcs/sources_1/new/I_Mem.v:3]
INFO: [Synth 8-6157] synthesizing module 'ControlUnit' [D:/Project/RISC_V_Single/RISC_V/RISC_V.srcs/sources_1/new/ControlUnit.v:3]
INFO: [Synth 8-6155] done synthesizing module 'ControlUnit' (0#1) [D:/Project/RISC_V_Single/RISC_V/RISC_V.srcs/sources_1/new/ControlUnit.v:3]
INFO: [Synth 8-6157] synthesizing module 'Registers' [D:/Project/RISC_V_Single/RISC_V/RISC_V.srcs/sources_1/new/Registers.v:3]
INFO: [Synth 8-6155] done synthesizing module 'Registers' (0#1) [D:/Project/RISC_V_Single/RISC_V/RISC_V.srcs/sources_1/new/Registers.v:3]
INFO: [Synth 8-6157] synthesizing module 'Imm_Gen' [D:/Project/RISC_V_Single/RISC_V/RISC_V.srcs/sources_1/new/Imm_Gen.v:3]
INFO: [Synth 8-6155] done synthesizing module 'Imm_Gen' (0#1) [D:/Project/RISC_V_Single/RISC_V/RISC_V.srcs/sources_1/new/Imm_Gen.v:3]
INFO: [Synth 8-6157] synthesizing module 'ALU' [D:/Project/RISC_V_Single/RISC_V/RISC_V.srcs/sources_1/new/ALU.v:4]
INFO: [Synth 8-226] default block is never used [D:/Project/RISC_V_Single/RISC_V/RISC_V.srcs/sources_1/new/ALU.v:15]
INFO: [Synth 8-6155] done synthesizing module 'ALU' (0#1) [D:/Project/RISC_V_Single/RISC_V/RISC_V.srcs/sources_1/new/ALU.v:4]
INFO: [Synth 8-6157] synthesizing module 'ALUcontrol' [D:/Project/RISC_V_Single/RISC_V/RISC_V.srcs/sources_1/new/ALUcontrol.v:3]
INFO: [Synth 8-6155] done synthesizing module 'ALUcontrol' (0#1) [D:/Project/RISC_V_Single/RISC_V/RISC_V.srcs/sources_1/new/ALUcontrol.v:3]
INFO: [Synth 8-6157] synthesizing module 'D_Mem' [D:/Project/RISC_V_Single/RISC_V/RISC_V.srcs/sources_1/new/D_Mem.v:3]
INFO: [Synth 8-155] case statement is not full and has no default [D:/Project/RISC_V_Single/RISC_V/RISC_V.srcs/sources_1/new/D_Mem.v:34]
INFO: [Synth 8-6155] done synthesizing module 'D_Mem' (0#1) [D:/Project/RISC_V_Single/RISC_V/RISC_V.srcs/sources_1/new/D_Mem.v:3]
WARNING: [Synth 8-689] width (32) of port connection 'Address' does not match port width (10) of module 'D_Mem' [D:/Project/RISC_V_Single/RISC_V/RISC_V.srcs/sources_1/new/Top.v:77]
INFO: [Synth 8-6157] synthesizing module 'Add' [D:/Project/RISC_V_Single/RISC_V/RISC_V.srcs/sources_1/new/Add.v:3]
INFO: [Synth 8-6155] done synthesizing module 'Add' (0#1) [D:/Project/RISC_V_Single/RISC_V/RISC_V.srcs/sources_1/new/Add.v:3]
WARNING: [Synth 8-567] referenced signal 'PCsel' should be on the sensitivity list [D:/Project/RISC_V_Single/RISC_V/RISC_V.srcs/sources_1/new/Top.v:105]
WARNING: [Synth 8-567] referenced signal 'Read1_add_Imm' should be on the sensitivity list [D:/Project/RISC_V_Single/RISC_V/RISC_V.srcs/sources_1/new/Top.v:105]
WARNING: [Synth 8-567] referenced signal 'Branch' should be on the sensitivity list [D:/Project/RISC_V_Single/RISC_V/RISC_V.srcs/sources_1/new/Top.v:105]
WARNING: [Synth 8-567] referenced signal 'PC_add_Imm' should be on the sensitivity list [D:/Project/RISC_V_Single/RISC_V/RISC_V.srcs/sources_1/new/Top.v:105]
WARNING: [Synth 8-567] referenced signal 'Zero' should be on the sensitivity list [D:/Project/RISC_V_Single/RISC_V/RISC_V.srcs/sources_1/new/Top.v:105]
WARNING: [Synth 8-567] referenced signal 'PC_add_4' should be on the sensitivity list [D:/Project/RISC_V_Single/RISC_V/RISC_V.srcs/sources_1/new/Top.v:105]
INFO: [Synth 8-6157] synthesizing module 'Mux5to1' [D:/Project/RISC_V_Single/RISC_V/RISC_V.srcs/sources_1/new/Mux5to1.v:3]
INFO: [Synth 8-6155] done synthesizing module 'Mux5to1' (0#1) [D:/Project/RISC_V_Single/RISC_V/RISC_V.srcs/sources_1/new/Mux5to1.v:3]
INFO: [Synth 8-6155] done synthesizing module 'Top' (0#1) [D:/Project/RISC_V_Single/RISC_V/RISC_V.srcs/sources_1/new/Top.v:3]
WARNING: [Synth 8-3848] Net imem[1] in module/entity I_Mem does not have driver. [D:/Project/RISC_V_Single/RISC_V/RISC_V.srcs/sources_1/new/I_Mem.v:10]
WARNING: [Synth 8-3848] Net imem[2] in module/entity I_Mem does not have driver. [D:/Project/RISC_V_Single/RISC_V/RISC_V.srcs/sources_1/new/I_Mem.v:10]
WARNING: [Synth 8-3848] Net imem[3] in module/entity I_Mem does not have driver. [D:/Project/RISC_V_Single/RISC_V/RISC_V.srcs/sources_1/new/I_Mem.v:10]
WARNING: [Synth 8-3848] Net imem[4] in module/entity I_Mem does not have driver. [D:/Project/RISC_V_Single/RISC_V/RISC_V.srcs/sources_1/new/I_Mem.v:10]
WARNING: [Synth 8-3848] Net imem[5] in module/entity I_Mem does not have driver. [D:/Project/RISC_V_Single/RISC_V/RISC_V.srcs/sources_1/new/I_Mem.v:10]
WARNING: [Synth 8-3848] Net imem[6] in module/entity I_Mem does not have driver. [D:/Project/RISC_V_Single/RISC_V/RISC_V.srcs/sources_1/new/I_Mem.v:10]
WARNING: [Synth 8-3848] Net imem[7] in module/entity I_Mem does not have driver. [D:/Project/RISC_V_Single/RISC_V/RISC_V.srcs/sources_1/new/I_Mem.v:10]
WARNING: [Synth 8-3848] Net imem[8] in module/entity I_Mem does not have driver. [D:/Project/RISC_V_Single/RISC_V/RISC_V.srcs/sources_1/new/I_Mem.v:10]
WARNING: [Synth 8-3848] Net imem[9] in module/entity I_Mem does not have driver. [D:/Project/RISC_V_Single/RISC_V/RISC_V.srcs/sources_1/new/I_Mem.v:10]
WARNING: [Synth 8-3848] Net imem[10] in module/entity I_Mem does not have driver. [D:/Project/RISC_V_Single/RISC_V/RISC_V.srcs/sources_1/new/I_Mem.v:10]
WARNING: [Synth 8-3848] Net imem[11] in module/entity I_Mem does not have driver. [D:/Project/RISC_V_Single/RISC_V/RISC_V.srcs/sources_1/new/I_Mem.v:10]
WARNING: [Synth 8-3848] Net imem[12] in module/entity I_Mem does not have driver. [D:/Project/RISC_V_Single/RISC_V/RISC_V.srcs/sources_1/new/I_Mem.v:10]
WARNING: [Synth 8-3848] Net imem[13] in module/entity I_Mem does not have driver. [D:/Project/RISC_V_Single/RISC_V/RISC_V.srcs/sources_1/new/I_Mem.v:10]
WARNING: [Synth 8-3848] Net imem[14] in module/entity I_Mem does not have driver. [D:/Project/RISC_V_Single/RISC_V/RISC_V.srcs/sources_1/new/I_Mem.v:10]
WARNING: [Synth 8-3848] Net imem[15] in module/entity I_Mem does not have driver. [D:/Project/RISC_V_Single/RISC_V/RISC_V.srcs/sources_1/new/I_Mem.v:10]
WARNING: [Synth 8-3848] Net imem[16] in module/entity I_Mem does not have driver. [D:/Project/RISC_V_Single/RISC_V/RISC_V.srcs/sources_1/new/I_Mem.v:10]
WARNING: [Synth 8-3848] Net imem[17] in module/entity I_Mem does not have driver. [D:/Project/RISC_V_Single/RISC_V/RISC_V.srcs/sources_1/new/I_Mem.v:10]
WARNING: [Synth 8-3848] Net imem[18] in module/entity I_Mem does not have driver. [D:/Project/RISC_V_Single/RISC_V/RISC_V.srcs/sources_1/new/I_Mem.v:10]
WARNING: [Synth 8-3848] Net imem[19] in module/entity I_Mem does not have driver. [D:/Project/RISC_V_Single/RISC_V/RISC_V.srcs/sources_1/new/I_Mem.v:10]
WARNING: [Synth 8-3848] Net imem[20] in module/entity I_Mem does not have driver. [D:/Project/RISC_V_Single/RISC_V/RISC_V.srcs/sources_1/new/I_Mem.v:10]
WARNING: [Synth 8-3848] Net imem[21] in module/entity I_Mem does not have driver. [D:/Project/RISC_V_Single/RISC_V/RISC_V.srcs/sources_1/new/I_Mem.v:10]
WARNING: [Synth 8-3848] Net imem[22] in module/entity I_Mem does not have driver. [D:/Project/RISC_V_Single/RISC_V/RISC_V.srcs/sources_1/new/I_Mem.v:10]
WARNING: [Synth 8-3848] Net imem[23] in module/entity I_Mem does not have driver. [D:/Project/RISC_V_Single/RISC_V/RISC_V.srcs/sources_1/new/I_Mem.v:10]
WARNING: [Synth 8-3848] Net imem[24] in module/entity I_Mem does not have driver. [D:/Project/RISC_V_Single/RISC_V/RISC_V.srcs/sources_1/new/I_Mem.v:10]
WARNING: [Synth 8-3848] Net imem[25] in module/entity I_Mem does not have driver. [D:/Project/RISC_V_Single/RISC_V/RISC_V.srcs/sources_1/new/I_Mem.v:10]
WARNING: [Synth 8-3848] Net imem[26] in module/entity I_Mem does not have driver. [D:/Project/RISC_V_Single/RISC_V/RISC_V.srcs/sources_1/new/I_Mem.v:10]
WARNING: [Synth 8-3848] Net imem[27] in module/entity I_Mem does not have driver. [D:/Project/RISC_V_Single/RISC_V/RISC_V.srcs/sources_1/new/I_Mem.v:10]
WARNING: [Synth 8-3848] Net imem[28] in module/entity I_Mem does not have driver. [D:/Project/RISC_V_Single/RISC_V/RISC_V.srcs/sources_1/new/I_Mem.v:10]
WARNING: [Synth 8-3848] Net imem[29] in module/entity I_Mem does not have driver. [D:/Project/RISC_V_Single/RISC_V/RISC_V.srcs/sources_1/new/I_Mem.v:10]
WARNING: [Synth 8-3848] Net imem[30] in module/entity I_Mem does not have driver. [D:/Project/RISC_V_Single/RISC_V/RISC_V.srcs/sources_1/new/I_Mem.v:10]
WARNING: [Synth 8-3848] Net imem[31] in module/entity I_Mem does not have driver. [D:/Project/RISC_V_Single/RISC_V/RISC_V.srcs/sources_1/new/I_Mem.v:10]
WARNING: [Synth 8-3848] Net imem[32] in module/entity I_Mem does not have driver. [D:/Project/RISC_V_Single/RISC_V/RISC_V.srcs/sources_1/new/I_Mem.v:10]
WARNING: [Synth 8-3848] Net imem[33] in module/entity I_Mem does not have driver. [D:/Project/RISC_V_Single/RISC_V/RISC_V.srcs/sources_1/new/I_Mem.v:10]
WARNING: [Synth 8-3848] Net imem[34] in module/entity I_Mem does not have driver. [D:/Project/RISC_V_Single/RISC_V/RISC_V.srcs/sources_1/new/I_Mem.v:10]
WARNING: [Synth 8-3848] Net imem[35] in module/entity I_Mem does not have driver. [D:/Project/RISC_V_Single/RISC_V/RISC_V.srcs/sources_1/new/I_Mem.v:10]
WARNING: [Synth 8-3848] Net imem[36] in module/entity I_Mem does not have driver. [D:/Project/RISC_V_Single/RISC_V/RISC_V.srcs/sources_1/new/I_Mem.v:10]
WARNING: [Synth 8-3848] Net imem[37] in module/entity I_Mem does not have driver. [D:/Project/RISC_V_Single/RISC_V/RISC_V.srcs/sources_1/new/I_Mem.v:10]
WARNING: [Synth 8-3848] Net imem[38] in module/entity I_Mem does not have driver. [D:/Project/RISC_V_Single/RISC_V/RISC_V.srcs/sources_1/new/I_Mem.v:10]
WARNING: [Synth 8-3848] Net imem[39] in module/entity I_Mem does not have driver. [D:/Project/RISC_V_Single/RISC_V/RISC_V.srcs/sources_1/new/I_Mem.v:10]
WARNING: [Synth 8-3848] Net imem[40] in module/entity I_Mem does not have driver. [D:/Project/RISC_V_Single/RISC_V/RISC_V.srcs/sources_1/new/I_Mem.v:10]
WARNING: [Synth 8-3848] Net imem[41] in module/entity I_Mem does not have driver. [D:/Project/RISC_V_Single/RISC_V/RISC_V.srcs/sources_1/new/I_Mem.v:10]
WARNING: [Synth 8-3848] Net imem[42] in module/entity I_Mem does not have driver. [D:/Project/RISC_V_Single/RISC_V/RISC_V.srcs/sources_1/new/I_Mem.v:10]
WARNING: [Synth 8-3848] Net imem[43] in module/entity I_Mem does not have driver. [D:/Project/RISC_V_Single/RISC_V/RISC_V.srcs/sources_1/new/I_Mem.v:10]
WARNING: [Synth 8-3848] Net imem[44] in module/entity I_Mem does not have driver. [D:/Project/RISC_V_Single/RISC_V/RISC_V.srcs/sources_1/new/I_Mem.v:10]
WARNING: [Synth 8-3848] Net imem[45] in module/entity I_Mem does not have driver. [D:/Project/RISC_V_Single/RISC_V/RISC_V.srcs/sources_1/new/I_Mem.v:10]
WARNING: [Synth 8-3848] Net imem[46] in module/entity I_Mem does not have driver. [D:/Project/RISC_V_Single/RISC_V/RISC_V.srcs/sources_1/new/I_Mem.v:10]
WARNING: [Synth 8-3848] Net imem[47] in module/entity I_Mem does not have driver. [D:/Project/RISC_V_Single/RISC_V/RISC_V.srcs/sources_1/new/I_Mem.v:10]
WARNING: [Synth 8-3848] Net imem[48] in module/entity I_Mem does not have driver. [D:/Project/RISC_V_Single/RISC_V/RISC_V.srcs/sources_1/new/I_Mem.v:10]
WARNING: [Synth 8-3848] Net imem[49] in module/entity I_Mem does not have driver. [D:/Project/RISC_V_Single/RISC_V/RISC_V.srcs/sources_1/new/I_Mem.v:10]
WARNING: [Synth 8-3848] Net imem[50] in module/entity I_Mem does not have driver. [D:/Project/RISC_V_Single/RISC_V/RISC_V.srcs/sources_1/new/I_Mem.v:10]
WARNING: [Synth 8-3848] Net imem[51] in module/entity I_Mem does not have driver. [D:/Project/RISC_V_Single/RISC_V/RISC_V.srcs/sources_1/new/I_Mem.v:10]
WARNING: [Synth 8-3848] Net imem[52] in module/entity I_Mem does not have driver. [D:/Project/RISC_V_Single/RISC_V/RISC_V.srcs/sources_1/new/I_Mem.v:10]
WARNING: [Synth 8-3848] Net imem[53] in module/entity I_Mem does not have driver. [D:/Project/RISC_V_Single/RISC_V/RISC_V.srcs/sources_1/new/I_Mem.v:10]
WARNING: [Synth 8-3848] Net imem[54] in module/entity I_Mem does not have driver. [D:/Project/RISC_V_Single/RISC_V/RISC_V.srcs/sources_1/new/I_Mem.v:10]
WARNING: [Synth 8-3848] Net imem[55] in module/entity I_Mem does not have driver. [D:/Project/RISC_V_Single/RISC_V/RISC_V.srcs/sources_1/new/I_Mem.v:10]
WARNING: [Synth 8-3848] Net imem[56] in module/entity I_Mem does not have driver. [D:/Project/RISC_V_Single/RISC_V/RISC_V.srcs/sources_1/new/I_Mem.v:10]
WARNING: [Synth 8-3848] Net imem[57] in module/entity I_Mem does not have driver. [D:/Project/RISC_V_Single/RISC_V/RISC_V.srcs/sources_1/new/I_Mem.v:10]
WARNING: [Synth 8-3848] Net imem[58] in module/entity I_Mem does not have driver. [D:/Project/RISC_V_Single/RISC_V/RISC_V.srcs/sources_1/new/I_Mem.v:10]
WARNING: [Synth 8-3848] Net imem[59] in module/entity I_Mem does not have driver. [D:/Project/RISC_V_Single/RISC_V/RISC_V.srcs/sources_1/new/I_Mem.v:10]
WARNING: [Synth 8-3848] Net imem[60] in module/entity I_Mem does not have driver. [D:/Project/RISC_V_Single/RISC_V/RISC_V.srcs/sources_1/new/I_Mem.v:10]
WARNING: [Synth 8-3848] Net imem[61] in module/entity I_Mem does not have driver. [D:/Project/RISC_V_Single/RISC_V/RISC_V.srcs/sources_1/new/I_Mem.v:10]
WARNING: [Synth 8-3848] Net imem[62] in module/entity I_Mem does not have driver. [D:/Project/RISC_V_Single/RISC_V/RISC_V.srcs/sources_1/new/I_Mem.v:10]
WARNING: [Synth 8-3848] Net imem[63] in module/entity I_Mem does not have driver. [D:/Project/RISC_V_Single/RISC_V/RISC_V.srcs/sources_1/new/I_Mem.v:10]
WARNING: [Synth 8-3848] Net imem[64] in module/entity I_Mem does not have driver. [D:/Project/RISC_V_Single/RISC_V/RISC_V.srcs/sources_1/new/I_Mem.v:10]
WARNING: [Synth 8-3848] Net imem[65] in module/entity I_Mem does not have driver. [D:/Project/RISC_V_Single/RISC_V/RISC_V.srcs/sources_1/new/I_Mem.v:10]
WARNING: [Synth 8-3848] Net imem[66] in module/entity I_Mem does not have driver. [D:/Project/RISC_V_Single/RISC_V/RISC_V.srcs/sources_1/new/I_Mem.v:10]
WARNING: [Synth 8-3848] Net imem[67] in module/entity I_Mem does not have driver. [D:/Project/RISC_V_Single/RISC_V/RISC_V.srcs/sources_1/new/I_Mem.v:10]
WARNING: [Synth 8-3848] Net imem[68] in module/entity I_Mem does not have driver. [D:/Project/RISC_V_Single/RISC_V/RISC_V.srcs/sources_1/new/I_Mem.v:10]
WARNING: [Synth 8-3848] Net imem[69] in module/entity I_Mem does not have driver. [D:/Project/RISC_V_Single/RISC_V/RISC_V.srcs/sources_1/new/I_Mem.v:10]
WARNING: [Synth 8-3848] Net imem[70] in module/entity I_Mem does not have driver. [D:/Project/RISC_V_Single/RISC_V/RISC_V.srcs/sources_1/new/I_Mem.v:10]
WARNING: [Synth 8-3848] Net imem[71] in module/entity I_Mem does not have driver. [D:/Project/RISC_V_Single/RISC_V/RISC_V.srcs/sources_1/new/I_Mem.v:10]
WARNING: [Synth 8-3848] Net imem[72] in module/entity I_Mem does not have driver. [D:/Project/RISC_V_Single/RISC_V/RISC_V.srcs/sources_1/new/I_Mem.v:10]
WARNING: [Synth 8-3848] Net imem[73] in module/entity I_Mem does not have driver. [D:/Project/RISC_V_Single/RISC_V/RISC_V.srcs/sources_1/new/I_Mem.v:10]
WARNING: [Synth 8-3848] Net imem[74] in module/entity I_Mem does not have driver. [D:/Project/RISC_V_Single/RISC_V/RISC_V.srcs/sources_1/new/I_Mem.v:10]
WARNING: [Synth 8-3848] Net imem[75] in module/entity I_Mem does not have driver. [D:/Project/RISC_V_Single/RISC_V/RISC_V.srcs/sources_1/new/I_Mem.v:10]
WARNING: [Synth 8-3848] Net imem[76] in module/entity I_Mem does not have driver. [D:/Project/RISC_V_Single/RISC_V/RISC_V.srcs/sources_1/new/I_Mem.v:10]
WARNING: [Synth 8-3848] Net imem[77] in module/entity I_Mem does not have driver. [D:/Project/RISC_V_Single/RISC_V/RISC_V.srcs/sources_1/new/I_Mem.v:10]
WARNING: [Synth 8-3848] Net imem[78] in module/entity I_Mem does not have driver. [D:/Project/RISC_V_Single/RISC_V/RISC_V.srcs/sources_1/new/I_Mem.v:10]
WARNING: [Synth 8-3848] Net imem[79] in module/entity I_Mem does not have driver. [D:/Project/RISC_V_Single/RISC_V/RISC_V.srcs/sources_1/new/I_Mem.v:10]
WARNING: [Synth 8-3848] Net imem[80] in module/entity I_Mem does not have driver. [D:/Project/RISC_V_Single/RISC_V/RISC_V.srcs/sources_1/new/I_Mem.v:10]
WARNING: [Synth 8-3848] Net imem[81] in module/entity I_Mem does not have driver. [D:/Project/RISC_V_Single/RISC_V/RISC_V.srcs/sources_1/new/I_Mem.v:10]
WARNING: [Synth 8-3848] Net imem[82] in module/entity I_Mem does not have driver. [D:/Project/RISC_V_Single/RISC_V/RISC_V.srcs/sources_1/new/I_Mem.v:10]
WARNING: [Synth 8-3848] Net imem[83] in module/entity I_Mem does not have driver. [D:/Project/RISC_V_Single/RISC_V/RISC_V.srcs/sources_1/new/I_Mem.v:10]
WARNING: [Synth 8-3848] Net imem[84] in module/entity I_Mem does not have driver. [D:/Project/RISC_V_Single/RISC_V/RISC_V.srcs/sources_1/new/I_Mem.v:10]
WARNING: [Synth 8-3848] Net imem[85] in module/entity I_Mem does not have driver. [D:/Project/RISC_V_Single/RISC_V/RISC_V.srcs/sources_1/new/I_Mem.v:10]
WARNING: [Synth 8-3848] Net imem[86] in module/entity I_Mem does not have driver. [D:/Project/RISC_V_Single/RISC_V/RISC_V.srcs/sources_1/new/I_Mem.v:10]
WARNING: [Synth 8-3848] Net imem[87] in module/entity I_Mem does not have driver. [D:/Project/RISC_V_Single/RISC_V/RISC_V.srcs/sources_1/new/I_Mem.v:10]
WARNING: [Synth 8-3848] Net imem[88] in module/entity I_Mem does not have driver. [D:/Project/RISC_V_Single/RISC_V/RISC_V.srcs/sources_1/new/I_Mem.v:10]
WARNING: [Synth 8-3848] Net imem[89] in module/entity I_Mem does not have driver. [D:/Project/RISC_V_Single/RISC_V/RISC_V.srcs/sources_1/new/I_Mem.v:10]
WARNING: [Synth 8-3848] Net imem[90] in module/entity I_Mem does not have driver. [D:/Project/RISC_V_Single/RISC_V/RISC_V.srcs/sources_1/new/I_Mem.v:10]
WARNING: [Synth 8-3848] Net imem[91] in module/entity I_Mem does not have driver. [D:/Project/RISC_V_Single/RISC_V/RISC_V.srcs/sources_1/new/I_Mem.v:10]
WARNING: [Synth 8-3848] Net imem[92] in module/entity I_Mem does not have driver. [D:/Project/RISC_V_Single/RISC_V/RISC_V.srcs/sources_1/new/I_Mem.v:10]
WARNING: [Synth 8-3848] Net imem[93] in module/entity I_Mem does not have driver. [D:/Project/RISC_V_Single/RISC_V/RISC_V.srcs/sources_1/new/I_Mem.v:10]
WARNING: [Synth 8-3848] Net imem[94] in module/entity I_Mem does not have driver. [D:/Project/RISC_V_Single/RISC_V/RISC_V.srcs/sources_1/new/I_Mem.v:10]
WARNING: [Synth 8-3848] Net imem[95] in module/entity I_Mem does not have driver. [D:/Project/RISC_V_Single/RISC_V/RISC_V.srcs/sources_1/new/I_Mem.v:10]
WARNING: [Synth 8-3848] Net imem[96] in module/entity I_Mem does not have driver. [D:/Project/RISC_V_Single/RISC_V/RISC_V.srcs/sources_1/new/I_Mem.v:10]
WARNING: [Synth 8-3848] Net imem[97] in module/entity I_Mem does not have driver. [D:/Project/RISC_V_Single/RISC_V/RISC_V.srcs/sources_1/new/I_Mem.v:10]
WARNING: [Synth 8-3848] Net imem[98] in module/entity I_Mem does not have driver. [D:/Project/RISC_V_Single/RISC_V/RISC_V.srcs/sources_1/new/I_Mem.v:10]
WARNING: [Synth 8-3848] Net imem[99] in module/entity I_Mem does not have driver. [D:/Project/RISC_V_Single/RISC_V/RISC_V.srcs/sources_1/new/I_Mem.v:10]
WARNING: [Synth 8-3848] Net imem[100] in module/entity I_Mem does not have driver. [D:/Project/RISC_V_Single/RISC_V/RISC_V.srcs/sources_1/new/I_Mem.v:10]
INFO: [Common 17-14] Message 'Synth 8-3848' appears 100 times and further instances of the messages will be disabled. Use the Tcl command set_msg_config to change the current settings.
WARNING: [Synth 8-7129] Port MemRead in module D_Mem is either unconnected or has no load
WARNING: [Synth 8-7129] Port Address[31] in module I_Mem is either unconnected or has no load
WARNING: [Synth 8-7129] Port Address[30] in module I_Mem is either unconnected or has no load
WARNING: [Synth 8-7129] Port Address[29] in module I_Mem is either unconnected or has no load
WARNING: [Synth 8-7129] Port Address[28] in module I_Mem is either unconnected or has no load
WARNING: [Synth 8-7129] Port Address[27] in module I_Mem is either unconnected or has no load
WARNING: [Synth 8-7129] Port Address[26] in module I_Mem is either unconnected or has no load
WARNING: [Synth 8-7129] Port Address[25] in module I_Mem is either unconnected or has no load
WARNING: [Synth 8-7129] Port Address[24] in module I_Mem is either unconnected or has no load
WARNING: [Synth 8-7129] Port Address[23] in module I_Mem is either unconnected or has no load
WARNING: [Synth 8-7129] Port Address[22] in module I_Mem is either unconnected or has no load
WARNING: [Synth 8-7129] Port Address[21] in module I_Mem is either unconnected or has no load
WARNING: [Synth 8-7129] Port Address[20] in module I_Mem is either unconnected or has no load
WARNING: [Synth 8-7129] Port Address[19] in module I_Mem is either unconnected or has no load
WARNING: [Synth 8-7129] Port Address[18] in module I_Mem is either unconnected or has no load
WARNING: [Synth 8-7129] Port Address[17] in module I_Mem is either unconnected or has no load
WARNING: [Synth 8-7129] Port Address[16] in module I_Mem is either unconnected or has no load
WARNING: [Synth 8-7129] Port Address[15] in module I_Mem is either unconnected or has no load
WARNING: [Synth 8-7129] Port Address[14] in module I_Mem is either unconnected or has no load
WARNING: [Synth 8-7129] Port Address[13] in module I_Mem is either unconnected or has no load
WARNING: [Synth 8-7129] Port Address[12] in module I_Mem is either unconnected or has no load
WARNING: [Synth 8-7129] Port Address[11] in module I_Mem is either unconnected or has no load
---------------------------------------------------------------------------------
Finished Synthesize : Time (s): cpu = 00:00:09 ; elapsed = 00:00:13 . Memory (MB): peak = 1331.078 ; gain = 806.504
---------------------------------------------------------------------------------
---------------------------------------------------------------------------------
Finished Constraint Validation : Time (s): cpu = 00:00:10 ; elapsed = 00:00:15 . Memory (MB): peak = 1331.078 ; gain = 806.504
---------------------------------------------------------------------------------
---------------------------------------------------------------------------------
Start Loading Part and Timing Information
---------------------------------------------------------------------------------
Loading part: xc7k70tfbv676-1
---------------------------------------------------------------------------------
INFO: [Device 21-403] Loading part xc7k70tfbv676-1
Finished Loading Part and Timing Information : Time (s): cpu = 00:00:10 ; elapsed = 00:00:15 . Memory (MB): peak = 1331.078 ; gain = 806.504
---------------------------------------------------------------------------------
INFO: [Device 21-9227] Part: xc7k70tfbv676-1 does not have CEAM library.
---------------------------------------------------------------------------------
Finished RTL Optimization Phase 2 : Time (s): cpu = 00:00:20 ; elapsed = 00:00:28 . Memory (MB): peak = 1413.320 ; gain = 888.746
---------------------------------------------------------------------------------
No constraint files found.
---------------------------------------------------------------------------------
Start RTL Component Statistics 
---------------------------------------------------------------------------------
Detailed RTL Component Info : 
+---Adders : 
	   2 Input   32 Bit       Adders := 5     
	   3 Input   32 Bit       Adders := 1     
+---XORs : 
	   2 Input     32 Bit         XORs := 1     
+---Registers : 
	               32 Bit    Registers := 1056  
+---Muxes : 
	   6 Input   32 Bit        Muxes := 1     
	   2 Input   32 Bit        Muxes := 5     
	   4 Input   32 Bit        Muxes := 1     
	   2 Input    1 Bit        Muxes := 1056  
	   4 Input    1 Bit        Muxes := 1024  
---------------------------------------------------------------------------------
Finished RTL Component Statistics 
---------------------------------------------------------------------------------
---------------------------------------------------------------------------------
Start Part Resource Summary
---------------------------------------------------------------------------------
Part Resources:
DSPs: 240 (col length:80)
BRAMs: 270 (col length: RAMB18 80 RAMB36 40)
---------------------------------------------------------------------------------
Finished Part Resource Summary
---------------------------------------------------------------------------------
No constraint files found.
